<?xml version="1.0" encoding="UTF-8"?>
<!-- Generated by org.testng.reporters.JUnitXMLReporter -->
<testsuite hostname="DESKTOP-AENQTTQ" ignored="0" name="XXXX系统测试用例" tests="7" failures="2" timestamp="28 五月 2018 12:45:45 GMT" time="5.11" errors="0">
  <testcase name="loginTrue" time="2.887" classname="com.xul.cases.LoginTest">
    <failure type="org.apache.http.conn.HttpHostConnectException" message="Connection to http://localhost:8888 refused">
      <![CDATA[org.apache.http.conn.HttpHostConnectException: Connection to http://localhost:8888 refused
at org.apache.http.impl.conn.DefaultClientConnectionOperator.openConnection(DefaultClientConnectionOperator.java:158)
at org.apache.http.impl.conn.AbstractPoolEntry.open(AbstractPoolEntry.java:149)
at org.apache.http.impl.conn.AbstractPooledConnAdapter.open(AbstractPooledConnAdapter.java:121)
at org.apache.http.impl.client.DefaultRequestDirector.tryConnect(DefaultRequestDirector.java:573)
at org.apache.http.impl.client.DefaultRequestDirector.execute(DefaultRequestDirector.java:425)
at org.apache.http.impl.client.AbstractHttpClient.execute(AbstractHttpClient.java:820)
at org.apache.http.impl.client.AbstractHttpClient.execute(AbstractHttpClient.java:754)
at org.apache.http.impl.client.AbstractHttpClient.execute(AbstractHttpClient.java:732)
at com.xul.cases.LoginTest.getResult(LoginTest.java:75)
at com.xul.cases.LoginTest.loginTrue(LoginTest.java:43)
at com.sun.proxy.$Proxy0.invoke(Unknown Source)
Caused by: java.net.ConnectException: Connection refused: connect
at java.net.DualStackPlainSocketImpl.connect0(Native Method)
at java.net.DualStackPlainSocketImpl.socketConnect(DualStackPlainSocketImpl.java:79)
at java.net.AbstractPlainSocketImpl.doConnect(AbstractPlainSocketImpl.java:350)
at java.net.AbstractPlainSocketImpl.connectToAddress(AbstractPlainSocketImpl.java:206)
at java.net.AbstractPlainSocketImpl.connect(AbstractPlainSocketImpl.java:188)
at java.net.PlainSocketImpl.connect(PlainSocketImpl.java:172)
at java.net.SocksSocketImpl.connect(SocksSocketImpl.java:392)
at java.net.Socket.connect(Socket.java:589)
at org.apache.http.conn.scheme.PlainSocketFactory.connectSocket(PlainSocketFactory.java:123)
at org.apache.http.impl.conn.DefaultClientConnectionOperator.openConnection(DefaultClientConnectionOperator.java:148)
... 43 more
... Removed 33 stack frames]]>
    </failure>
  </testcase> <!-- loginTrue -->
  <testcase name="loginFalse" time="2.127" classname="com.xul.cases.LoginTest">
    <failure type="org.apache.http.conn.HttpHostConnectException" message="Connection to http://localhost:8888 refused">
      <![CDATA[org.apache.http.conn.HttpHostConnectException: Connection to http://localhost:8888 refused
at org.apache.http.impl.conn.DefaultClientConnectionOperator.openConnection(DefaultClientConnectionOperator.java:158)
at org.apache.http.impl.conn.AbstractPoolEntry.open(AbstractPoolEntry.java:149)
at org.apache.http.impl.conn.AbstractPooledConnAdapter.open(AbstractPooledConnAdapter.java:121)
at org.apache.http.impl.client.DefaultRequestDirector.tryConnect(DefaultRequestDirector.java:573)
at org.apache.http.impl.client.DefaultRequestDirector.execute(DefaultRequestDirector.java:425)
at org.apache.http.impl.client.AbstractHttpClient.execute(AbstractHttpClient.java:820)
at org.apache.http.impl.client.AbstractHttpClient.execute(AbstractHttpClient.java:754)
at org.apache.http.impl.client.AbstractHttpClient.execute(AbstractHttpClient.java:732)
at com.xul.cases.LoginTest.getResult(LoginTest.java:75)
at com.xul.cases.LoginTest.loginFalse(LoginTest.java:56)
at com.sun.proxy.$Proxy0.invoke(Unknown Source)
Caused by: java.net.ConnectException: Connection refused: connect
at java.net.DualStackPlainSocketImpl.connect0(Native Method)
at java.net.DualStackPlainSocketImpl.socketConnect(DualStackPlainSocketImpl.java:79)
at java.net.AbstractPlainSocketImpl.doConnect(AbstractPlainSocketImpl.java:350)
at java.net.AbstractPlainSocketImpl.connectToAddress(AbstractPlainSocketImpl.java:206)
at java.net.AbstractPlainSocketImpl.connect(AbstractPlainSocketImpl.java:188)
at java.net.PlainSocketImpl.connect(PlainSocketImpl.java:172)
at java.net.SocksSocketImpl.connect(SocksSocketImpl.java:392)
at java.net.Socket.connect(Socket.java:589)
at org.apache.http.conn.scheme.PlainSocketFactory.connectSocket(PlainSocketFactory.java:123)
at org.apache.http.impl.conn.DefaultClientConnectionOperator.openConnection(DefaultClientConnectionOperator.java:148)
... 43 more
... Removed 33 stack frames]]>
    </failure>
  </testcase> <!-- loginFalse -->
  <testcase name="addUser" time="0.0" classname="com.xul.cases.AddUserTest">
    <skipped/>
  </testcase> <!-- addUser -->
  <testcase name="getUserInfo" time="0.0" classname="com.xul.cases.GetUserInfoTest">
    <skipped/>
  </testcase> <!-- getUserInfo -->
  <testcase name="updateUserInfo" time="0.0" classname="com.xul.cases.UpdateUserInfoTest">
    <skipped/>
  </testcase> <!-- updateUserInfo -->
  <testcase name="deleteUser" time="0.0" classname="com.xul.cases.UpdateUserInfoTest">
    <skipped/>
  </testcase> <!-- deleteUser -->
  <testcase name="getUserListInfo" time="0.0" classname="com.xul.cases.GetUserInfoListTest">
    <skipped/>
  </testcase> <!-- getUserListInfo -->
</testsuite> <!-- XXXX系统测试用例 -->
